<?xml version="1.0" encoding="utf-8"?><testsuites name="pytest tests"><testsuite name="pytest" errors="0" failures="1" skipped="0" tests="26" time="2.627" timestamp="2026-02-08T07:44:18.885852+00:00" hostname="agent-env-79833d56-d082-4475-bbb8-eb3326614e8f"><testcase classname="backend.tests.test_portfolio_api.TestHealthAndBasics" name="test_api_reachable" time="0.115" /><testcase classname="backend.tests.test_portfolio_api.TestAuthentication" name="test_login_success" time="0.043" /><testcase classname="backend.tests.test_portfolio_api.TestAuthentication" name="test_login_invalid_credentials" time="0.038" /><testcase classname="backend.tests.test_portfolio_api.TestAuthentication" name="test_login_invalid_username" time="0.078" /><testcase classname="backend.tests.test_portfolio_api.TestAuthentication" name="test_token_verification" time="0.120" /><testcase classname="backend.tests.test_portfolio_api.TestAuthentication" name="test_token_verification_invalid" time="0.038"><failure message="assert 520 == 401&#10; +  where 520 = &lt;Response [520]&gt;.status_code">backend/tests/test_portfolio_api.py:86: in test_token_verification_invalid
    assert response.status_code == 401
E   assert 520 == 401
E    +  where 520 = &lt;Response [520]&gt;.status_code</failure></testcase><testcase classname="backend.tests.test_portfolio_api.TestAuthentication" name="test_token_verification_no_token" time="0.040" /><testcase classname="backend.tests.test_portfolio_api.TestAuthentication" name="test_password_change_wrong_current" time="0.078" /><testcase classname="backend.tests.test_portfolio_api.TestContentAll" name="test_get_all_content" time="0.039" /><testcase classname="backend.tests.test_portfolio_api.TestSkillsCRUD" name="test_get_skills" time="0.038" /><testcase classname="backend.tests.test_portfolio_api.TestSkillsCRUD" name="test_create_skill" time="0.162" /><testcase classname="backend.tests.test_portfolio_api.TestSkillsCRUD" name="test_update_skill" time="0.153" /><testcase classname="backend.tests.test_portfolio_api.TestSkillsCRUD" name="test_delete_skill" time="0.141" /><testcase classname="backend.tests.test_portfolio_api.TestSkillsCRUD" name="test_cleanup_test_skills" time="0.114" /><testcase classname="backend.tests.test_portfolio_api.TestProjectsCRUD" name="test_get_projects" time="0.037" /><testcase classname="backend.tests.test_portfolio_api.TestProjectsCRUD" name="test_create_project" time="0.152" /><testcase classname="backend.tests.test_portfolio_api.TestProjectsCRUD" name="test_create_and_verify_project" time="0.146" /><testcase classname="backend.tests.test_portfolio_api.TestProjectsCRUD" name="test_delete_project" time="0.181" /><testcase classname="backend.tests.test_portfolio_api.TestSettings" name="test_get_settings" time="0.035" /><testcase classname="backend.tests.test_portfolio_api.TestSettings" name="test_update_settings" time="0.163" /><testcase classname="backend.tests.test_portfolio_api.TestExperienceAndEducation" name="test_get_experience" time="0.036" /><testcase classname="backend.tests.test_portfolio_api.TestExperienceAndEducation" name="test_get_education" time="0.042" /><testcase classname="backend.tests.test_portfolio_api.TestExperienceAndEducation" name="test_create_and_delete_experience" time="0.153" /><testcase classname="backend.tests.test_portfolio_api.TestExperienceAndEducation" name="test_create_and_delete_education" time="0.151" /><testcase classname="backend.tests.test_portfolio_api.TestCertifications" name="test_get_certifications" time="0.034" /><testcase classname="backend.tests.test_portfolio_api.TestCertifications" name="test_create_and_delete_certification" time="0.150" /></testsuite></testsuites>